<?xml version="1.0" encoding="UTF-8"?>
<!-- Generated by org.testng.reporters.JUnitReportReporter -->
<testsuite skipped="0" hostname="hp" name="com.test.restAssured.AuthenticationDemo" tests="2" failures="0" timestamp="01 Apr 2020 19:14:27 GMT" time="8.780" errors="0">
  <testcase name="preEmptiveFail" time="3.347" classname="com.test.restAssured.AuthenticationDemo"/>
  <testcase name="preEmptive" time="5.433" classname="com.test.restAssured.AuthenticationDemo"/>
</testsuite> <!-- com.test.restAssured.AuthenticationDemo -->
