<?xml version="1.0" encoding="UTF-8"?>
<!-- Generated by org.testng.reporters.JUnitReportReporter -->
<testsuite skipped="0" hostname="hp" name="com.test.Infosys.Infosys_POC" tests="2" failures="0" timestamp="07 Apr 2020 06:44:10 GMT" time="3.991" errors="0">
  <testcase name="JsonPath" time="3.216" classname="com.test.Infosys.Infosys_POC"/>
  <testcase name="testopenWeather_BaseURI_RequestSpecification" time="0.775" classname="com.test.Infosys.Infosys_POC"/>
</testsuite> <!-- com.test.Infosys.Infosys_POC -->
