<?xml version="1.0" encoding="UTF-8"?>
<!-- Generated by org.testng.reporters.JUnitReportReporter -->
<testsuite skipped="0" hostname="hp" name="com.test.restAssured.TestBase" tests="1" failures="0" timestamp="01 Apr 2020 09:28:51 GMT" time="3.381" errors="0">
  <testcase name="testResponseOpenWeather" time="3.381" classname="com.test.restAssured.TestBase"/>
</testsuite> <!-- com.test.restAssured.TestBase -->
